<?xml version="1.0" encoding="UTF-8"?>
<!-- Generated by org.testng.reporters.JUnitReportReporter -->
<testsuite hostname="Lenovo3" failures="0" tests="1" name="testCommon.LoginMultipleCredValidation" time="54.085" errors="0" timestamp="2023-10-26T18:34:07 IST" skipped="0">
  <testcase classname="testCommon.LoginMultipleCredValidation" name="LoginMultipleCredValidationFun" time="54.085"/>
</testsuite> <!-- testCommon.LoginMultipleCredValidation -->
