<?xml version="1.0" encoding="UTF-8"?>
<!-- Generated by org.testng.reporters.JUnitReportReporter -->
<testsuite hostname="Lenovo3" failures="0" tests="2" name="testCommon.UtilsDataProvider" time="52.389" errors="0" timestamp="2023-10-26T19:06:21 IST" skipped="0">
  <testcase classname="testCommon.UtilsDataProvider" name="LoginMultipleCredValidationFunInheritance" time="26.608"/>
  <testcase classname="testCommon.UtilsDataProvider" name="LoginMultipleCredValidationFunInheritance" time="25.781"/>
</testsuite> <!-- testCommon.UtilsDataProvider -->
