<?xml version="1.0" encoding="UTF-8"?>
<!-- Generated by org.testng.reporters.JUnitReportReporter -->
<testsuite hostname="Lenovo3" failures="0" tests="4" name="dataDrivenFramework.DataDrivenLogin" time="86.330" errors="0" timestamp="2023-10-24T22:35:07 IST" skipped="0">
  <testcase classname="dataDrivenFramework.DataDrivenLogin" name="Login" time="20.362"/>
  <testcase classname="dataDrivenFramework.DataDrivenLogin" name="Login" time="23.051"/>
  <testcase classname="dataDrivenFramework.DataDrivenLogin" name="Login" time="18.415"/>
  <testcase classname="dataDrivenFramework.DataDrivenLogin" name="Login" time="24.502"/>
</testsuite> <!-- dataDrivenFramework.DataDrivenLogin -->
