<?xml version="1.0" encoding="UTF-8"?>
<!-- Generated by org.testng.reporters.JUnitReportReporter -->
<testsuite hostname="Lenovo3" failures="0" tests="2" name="testCommon.LearnDataProvider" time="72.753" errors="0" timestamp="2023-10-26T18:48:32 IST" skipped="0">
  <testcase classname="testCommon.LearnDataProvider" name="LoginMultipleCredValidationFun" time="48.612"/>
  <testcase classname="testCommon.LearnDataProvider" name="LoginMultipleCredValidationFun" time="24.141"/>
</testsuite> <!-- testCommon.LearnDataProvider -->
